<?xml version="1.0" encoding="UTF-8"?>
<testsuite xmlns:xsi="http://www.w3.org/2001/XMLSchema-instance" xsi:noNamespaceSchemaLocation="https://maven.apache.org/surefire/maven-surefire-plugin/xsd/surefire-test-report.xsd" name="Streamrlabs.processors.StreamrNifi.StreamrSubscribeTest" time="0.763" tests="1" errors="0" skipped="0" failures="0">
  <properties>
    <property name="gopherProxySet" value="false"/>
    <property name="awt.toolkit" value="sun.lwawt.macosx.LWCToolkit"/>
    <property name="file.encoding.pkg" value="sun.io"/>
    <property name="java.specification.version" value="1.8"/>
    <property name="sun.cpu.isalist" value=""/>
    <property name="sun.jnu.encoding" value="UTF-8"/>
    <property name="java.class.path" value="/Users/santeri/streamr-nifi/StreamrNifi/nifi-StreamrNifi-processors/target/test-classes:/Users/santeri/streamr-nifi/StreamrNifi/nifi-StreamrNifi-processors/target/classes:/Users/santeri/.m2/repository/com/streamr/client/0.1-SNAPSHOT/client-0.1-SNAPSHOT.jar:/Users/santeri/.m2/repository/org/apache/logging/log4j/log4j-core/2.7/log4j-core-2.7.jar:/Users/santeri/.m2/repository/org/apache/logging/log4j/log4j-api/2.7/log4j-api-2.7.jar:/Users/santeri/.m2/repository/com/squareup/okhttp3/okhttp/3.10.0/okhttp-3.10.0.jar:/Users/santeri/.m2/repository/com/squareup/moshi/moshi/1.6.0/moshi-1.6.0.jar:/Users/santeri/.m2/repository/com/squareup/moshi/moshi-adapters/1.6.0/moshi-adapters-1.6.0.jar:/Users/santeri/.m2/repository/com/squareup/okio/okio/2.2.0/okio-2.2.0.jar:/Users/santeri/.m2/repository/org/jetbrains/kotlin/kotlin-stdlib/1.2.60/kotlin-stdlib-1.2.60.jar:/Users/santeri/.m2/repository/org/jetbrains/kotlin/kotlin-stdlib-common/1.2.60/kotlin-stdlib-common-1.2.60.jar:/Users/santeri/.m2/repository/org/jetbrains/annotations/13.0/annotations-13.0.jar:/Users/santeri/.m2/repository/commons-codec/commons-codec/1.6/commons-codec-1.6.jar:/Users/santeri/.m2/repository/commons-lang/commons-lang/2.6/commons-lang-2.6.jar:/Users/santeri/.m2/repository/org/apache/commons/commons-lang3/3.1/commons-lang3-3.1.jar:/Users/santeri/.m2/repository/cglib/cglib/3.2.10/cglib-3.2.10.jar:/Users/santeri/.m2/repository/org/ow2/asm/asm/7.0/asm-7.0.jar:/Users/santeri/.m2/repository/org/apache/ant/ant/1.10.3/ant-1.10.3.jar:/Users/santeri/.m2/repository/org/apache/ant/ant-launcher/1.10.3/ant-launcher-1.10.3.jar:/Users/santeri/.m2/repository/org/objenesis/objenesis/3.0.1/objenesis-3.0.1.jar:/Users/santeri/.m2/repository/org/ethereum/ethereumj-core/1.11.0-RELEASE/ethereumj-core-1.11.0-RELEASE.jar:/Users/santeri/.m2/repository/ch/qos/logback/logback-classic/1.2.3/logback-classic-1.2.3.jar:/Users/santeri/.m2/repository/ch/qos/logback/logback-core/1.2.3/logback-core-1.2.3.jar:/Users/santeri/.m2/repository/com/cedarsoftware/java-util/1.8.0/java-util-1.8.0.jar:/Users/santeri/.m2/repository/commons-logging/commons-logging/1.1.1/commons-logging-1.1.1.jar:/Users/santeri/.m2/repository/com/cedarsoftware/json-io/2.4.1/json-io-2.4.1.jar:/Users/santeri/.m2/repository/com/fasterxml/jackson/core/jackson-databind/2.5.1/jackson-databind-2.5.1.jar:/Users/santeri/.m2/repository/com/fasterxml/jackson/core/jackson-annotations/2.5.0/jackson-annotations-2.5.0.jar:/Users/santeri/.m2/repository/com/fasterxml/jackson/core/jackson-core/2.5.1/jackson-core-2.5.1.jar:/Users/santeri/.m2/repository/com/google/guava/guava/24.1-jre/guava-24.1-jre.jar:/Users/santeri/.m2/repository/com/google/code/findbugs/jsr305/1.3.9/jsr305-1.3.9.jar:/Users/santeri/.m2/repository/org/checkerframework/checker-compat-qual/2.0.0/checker-compat-qual-2.0.0.jar:/Users/santeri/.m2/repository/com/google/errorprone/error_prone_annotations/2.1.3/error_prone_annotations-2.1.3.jar:/Users/santeri/.m2/repository/com/google/j2objc/j2objc-annotations/1.1/j2objc-annotations-1.1.jar:/Users/santeri/.m2/repository/org/codehaus/mojo/animal-sniffer-annotations/1.14/animal-sniffer-annotations-1.14.jar:/Users/santeri/.m2/repository/com/googlecode/concurrent-locks/concurrent-locks/1.0.0/concurrent-locks-1.0.0.jar:/Users/santeri/.m2/repository/com/googlecode/json-simple/json-simple/1.1.1/json-simple-1.1.1.jar:/Users/santeri/.m2/repository/com/madgag/spongycastle/core/1.58.0.0/core-1.58.0.0.jar:/Users/santeri/.m2/repository/com/madgag/spongycastle/prov/1.58.0.0/prov-1.58.0.0.jar:/Users/santeri/.m2/repository/com/typesafe/config/1.2.1/config-1.2.1.jar:/Users/santeri/.m2/repository/io/netty/netty-all/4.0.30.Final/netty-all-4.0.30.Final.jar:/Users/santeri/.m2/repository/org/apache/commons/commons-collections4/4.0/commons-collections4-4.0.jar:/Users/santeri/.m2/repository/org/ethereum/leveldbjni-all/1.18.3/leveldbjni-all-1.18.3.jar:/Users/santeri/.m2/repository/org/ethereum/rocksdbjni/5.9.2/rocksdbjni-5.9.2.jar:/Users/santeri/.m2/repository/org/ethereum/solcJ-all/0.4.25/solcJ-all-0.4.25.jar:/Users/santeri/.m2/repository/org/iq80/leveldb/leveldb/0.7/leveldb-0.7.jar:/Users/santeri/.m2/repository/org/iq80/leveldb/leveldb-api/0.7/leveldb-api-0.7.jar:/Users/santeri/.m2/repository/org/springframework/spring-context/4.3.19.RELEASE/spring-context-4.3.19.RELEASE.jar:/Users/santeri/.m2/repository/org/springframework/spring-aop/4.3.19.RELEASE/spring-aop-4.3.19.RELEASE.jar:/Users/santeri/.m2/repository/org/springframework/spring-beans/4.3.19.RELEASE/spring-beans-4.3.19.RELEASE.jar:/Users/santeri/.m2/repository/org/springframework/spring-core/4.3.19.RELEASE/spring-core-4.3.19.RELEASE.jar:/Users/santeri/.m2/repository/org/springframework/spring-expression/4.3.19.RELEASE/spring-expression-4.3.19.RELEASE.jar:/Users/santeri/.m2/repository/org/xerial/snappy/snappy-java/1.1.4/snappy-java-1.1.4.jar:/Users/santeri/.m2/repository/org/java-websocket/Java-WebSocket/1.3.8/Java-WebSocket-1.3.8.jar:/Users/santeri/.m2/repository/org/cache2k/cache2k-api/1.2.1.Final/cache2k-api-1.2.1.Final.jar:/Users/santeri/.m2/repository/org/cache2k/cache2k-core/1.2.1.Final/cache2k-core-1.2.1.Final.jar:/Users/santeri/.m2/repository/org/apache/nifi/nifi-api/1.9.2/nifi-api-1.9.2.jar:/Users/santeri/.m2/repository/org/apache/nifi/nifi-utils/1.9.2/nifi-utils-1.9.2.jar:/Users/santeri/.m2/repository/org/apache/nifi/nifi-mock/1.9.2/nifi-mock-1.9.2.jar:/Users/santeri/.m2/repository/org/apache/nifi/nifi-framework-api/1.9.2/nifi-framework-api-1.9.2.jar:/Users/santeri/.m2/repository/org/apache/nifi/nifi-expression-language/1.9.2/nifi-expression-language-1.9.2.jar:/Users/santeri/.m2/repository/org/antlr/antlr-runtime/3.5.2/antlr-runtime-3.5.2.jar:/Users/santeri/.m2/repository/com/jayway/jsonpath/json-path/2.4.0/json-path-2.4.0.jar:/Users/santeri/.m2/repository/net/minidev/json-smart/2.3/json-smart-2.3.jar:/Users/santeri/.m2/repository/net/minidev/accessors-smart/1.2/accessors-smart-1.2.jar:/Users/santeri/.m2/repository/org/apache/commons/commons-text/1.4/commons-text-1.4.jar:/Users/santeri/.m2/repository/org/apache/nifi/nifi-data-provenance-utils/1.9.2/nifi-data-provenance-utils-1.9.2.jar:/Users/santeri/.m2/repository/org/apache/nifi/nifi-security-utils/1.9.2/nifi-security-utils-1.9.2.jar:/Users/santeri/.m2/repository/org/bouncycastle/bcpkix-jdk15on/1.60/bcpkix-jdk15on-1.60.jar:/Users/santeri/.m2/repository/de/svenkubiak/jBCrypt/0.4.1/jBCrypt-0.4.1.jar:/Users/santeri/.m2/repository/org/bouncycastle/bcprov-jdk15on/1.60/bcprov-jdk15on-1.60.jar:/Users/santeri/.m2/repository/org/apache/nifi/nifi-properties-loader/1.9.2/nifi-properties-loader-1.9.2.jar:/Users/santeri/.m2/repository/org/apache/nifi/nifi-properties/1.9.2/nifi-properties-1.9.2.jar:/Users/santeri/.m2/repository/org/slf4j/slf4j-simple/1.7.25/slf4j-simple-1.7.25.jar:/Users/santeri/.m2/repository/org/slf4j/slf4j-api/1.7.25/slf4j-api-1.7.25.jar:/Users/santeri/.m2/repository/junit/junit/4.12/junit-4.12.jar:/Users/santeri/.m2/repository/org/hamcrest/hamcrest-core/1.3/hamcrest-core-1.3.jar:/Users/santeri/.m2/repository/org/mockito/mockito-core/1.10.19/mockito-core-1.10.19.jar:/Users/santeri/.m2/repository/org/codehaus/groovy/groovy-all/2.4.13/groovy-all-2.4.13.jar:"/>
    <property name="java.vm.vendor" value="Oracle Corporation"/>
    <property name="sun.arch.data.model" value="64"/>
    <property name="java.vendor.url" value="http://java.oracle.com/"/>
    <property name="user.timezone" value=""/>
    <property name="user.country.format" value="FI"/>
    <property name="java.vm.specification.version" value="1.8"/>
    <property name="os.name" value="Mac OS X"/>
    <property name="user.country" value="GB"/>
    <property name="sun.java.launcher" value="SUN_STANDARD"/>
    <property name="sun.boot.library.path" value="/Library/Java/JavaVirtualMachines/jdk1.8.0_201.jdk/Contents/Home/jre/lib"/>
    <property name="sun.java.command" value="/Users/santeri/streamr-nifi/StreamrNifi/nifi-StreamrNifi-processors/target/surefire/surefirebooter1997590651803885082.jar /Users/santeri/streamr-nifi/StreamrNifi/nifi-StreamrNifi-processors/target/surefire 2019-05-08T14-50-49_938-jvmRun1 surefire4005044306650751967tmp surefire_0423580465406588090tmp"/>
    <property name="surefire.test.class.path" value="/Users/santeri/streamr-nifi/StreamrNifi/nifi-StreamrNifi-processors/target/test-classes:/Users/santeri/streamr-nifi/StreamrNifi/nifi-StreamrNifi-processors/target/classes:/Users/santeri/.m2/repository/com/streamr/client/0.1-SNAPSHOT/client-0.1-SNAPSHOT.jar:/Users/santeri/.m2/repository/org/apache/logging/log4j/log4j-core/2.7/log4j-core-2.7.jar:/Users/santeri/.m2/repository/org/apache/logging/log4j/log4j-api/2.7/log4j-api-2.7.jar:/Users/santeri/.m2/repository/com/squareup/okhttp3/okhttp/3.10.0/okhttp-3.10.0.jar:/Users/santeri/.m2/repository/com/squareup/moshi/moshi/1.6.0/moshi-1.6.0.jar:/Users/santeri/.m2/repository/com/squareup/moshi/moshi-adapters/1.6.0/moshi-adapters-1.6.0.jar:/Users/santeri/.m2/repository/com/squareup/okio/okio/2.2.0/okio-2.2.0.jar:/Users/santeri/.m2/repository/org/jetbrains/kotlin/kotlin-stdlib/1.2.60/kotlin-stdlib-1.2.60.jar:/Users/santeri/.m2/repository/org/jetbrains/kotlin/kotlin-stdlib-common/1.2.60/kotlin-stdlib-common-1.2.60.jar:/Users/santeri/.m2/repository/org/jetbrains/annotations/13.0/annotations-13.0.jar:/Users/santeri/.m2/repository/commons-codec/commons-codec/1.6/commons-codec-1.6.jar:/Users/santeri/.m2/repository/commons-lang/commons-lang/2.6/commons-lang-2.6.jar:/Users/santeri/.m2/repository/org/apache/commons/commons-lang3/3.1/commons-lang3-3.1.jar:/Users/santeri/.m2/repository/cglib/cglib/3.2.10/cglib-3.2.10.jar:/Users/santeri/.m2/repository/org/ow2/asm/asm/7.0/asm-7.0.jar:/Users/santeri/.m2/repository/org/apache/ant/ant/1.10.3/ant-1.10.3.jar:/Users/santeri/.m2/repository/org/apache/ant/ant-launcher/1.10.3/ant-launcher-1.10.3.jar:/Users/santeri/.m2/repository/org/objenesis/objenesis/3.0.1/objenesis-3.0.1.jar:/Users/santeri/.m2/repository/org/ethereum/ethereumj-core/1.11.0-RELEASE/ethereumj-core-1.11.0-RELEASE.jar:/Users/santeri/.m2/repository/ch/qos/logback/logback-classic/1.2.3/logback-classic-1.2.3.jar:/Users/santeri/.m2/repository/ch/qos/logback/logback-core/1.2.3/logback-core-1.2.3.jar:/Users/santeri/.m2/repository/com/cedarsoftware/java-util/1.8.0/java-util-1.8.0.jar:/Users/santeri/.m2/repository/commons-logging/commons-logging/1.1.1/commons-logging-1.1.1.jar:/Users/santeri/.m2/repository/com/cedarsoftware/json-io/2.4.1/json-io-2.4.1.jar:/Users/santeri/.m2/repository/com/fasterxml/jackson/core/jackson-databind/2.5.1/jackson-databind-2.5.1.jar:/Users/santeri/.m2/repository/com/fasterxml/jackson/core/jackson-annotations/2.5.0/jackson-annotations-2.5.0.jar:/Users/santeri/.m2/repository/com/fasterxml/jackson/core/jackson-core/2.5.1/jackson-core-2.5.1.jar:/Users/santeri/.m2/repository/com/google/guava/guava/24.1-jre/guava-24.1-jre.jar:/Users/santeri/.m2/repository/com/google/code/findbugs/jsr305/1.3.9/jsr305-1.3.9.jar:/Users/santeri/.m2/repository/org/checkerframework/checker-compat-qual/2.0.0/checker-compat-qual-2.0.0.jar:/Users/santeri/.m2/repository/com/google/errorprone/error_prone_annotations/2.1.3/error_prone_annotations-2.1.3.jar:/Users/santeri/.m2/repository/com/google/j2objc/j2objc-annotations/1.1/j2objc-annotations-1.1.jar:/Users/santeri/.m2/repository/org/codehaus/mojo/animal-sniffer-annotations/1.14/animal-sniffer-annotations-1.14.jar:/Users/santeri/.m2/repository/com/googlecode/concurrent-locks/concurrent-locks/1.0.0/concurrent-locks-1.0.0.jar:/Users/santeri/.m2/repository/com/googlecode/json-simple/json-simple/1.1.1/json-simple-1.1.1.jar:/Users/santeri/.m2/repository/com/madgag/spongycastle/core/1.58.0.0/core-1.58.0.0.jar:/Users/santeri/.m2/repository/com/madgag/spongycastle/prov/1.58.0.0/prov-1.58.0.0.jar:/Users/santeri/.m2/repository/com/typesafe/config/1.2.1/config-1.2.1.jar:/Users/santeri/.m2/repository/io/netty/netty-all/4.0.30.Final/netty-all-4.0.30.Final.jar:/Users/santeri/.m2/repository/org/apache/commons/commons-collections4/4.0/commons-collections4-4.0.jar:/Users/santeri/.m2/repository/org/ethereum/leveldbjni-all/1.18.3/leveldbjni-all-1.18.3.jar:/Users/santeri/.m2/repository/org/ethereum/rocksdbjni/5.9.2/rocksdbjni-5.9.2.jar:/Users/santeri/.m2/repository/org/ethereum/solcJ-all/0.4.25/solcJ-all-0.4.25.jar:/Users/santeri/.m2/repository/org/iq80/leveldb/leveldb/0.7/leveldb-0.7.jar:/Users/santeri/.m2/repository/org/iq80/leveldb/leveldb-api/0.7/leveldb-api-0.7.jar:/Users/santeri/.m2/repository/org/springframework/spring-context/4.3.19.RELEASE/spring-context-4.3.19.RELEASE.jar:/Users/santeri/.m2/repository/org/springframework/spring-aop/4.3.19.RELEASE/spring-aop-4.3.19.RELEASE.jar:/Users/santeri/.m2/repository/org/springframework/spring-beans/4.3.19.RELEASE/spring-beans-4.3.19.RELEASE.jar:/Users/santeri/.m2/repository/org/springframework/spring-core/4.3.19.RELEASE/spring-core-4.3.19.RELEASE.jar:/Users/santeri/.m2/repository/org/springframework/spring-expression/4.3.19.RELEASE/spring-expression-4.3.19.RELEASE.jar:/Users/santeri/.m2/repository/org/xerial/snappy/snappy-java/1.1.4/snappy-java-1.1.4.jar:/Users/santeri/.m2/repository/org/java-websocket/Java-WebSocket/1.3.8/Java-WebSocket-1.3.8.jar:/Users/santeri/.m2/repository/org/cache2k/cache2k-api/1.2.1.Final/cache2k-api-1.2.1.Final.jar:/Users/santeri/.m2/repository/org/cache2k/cache2k-core/1.2.1.Final/cache2k-core-1.2.1.Final.jar:/Users/santeri/.m2/repository/org/apache/nifi/nifi-api/1.9.2/nifi-api-1.9.2.jar:/Users/santeri/.m2/repository/org/apache/nifi/nifi-utils/1.9.2/nifi-utils-1.9.2.jar:/Users/santeri/.m2/repository/org/apache/nifi/nifi-mock/1.9.2/nifi-mock-1.9.2.jar:/Users/santeri/.m2/repository/org/apache/nifi/nifi-framework-api/1.9.2/nifi-framework-api-1.9.2.jar:/Users/santeri/.m2/repository/org/apache/nifi/nifi-expression-language/1.9.2/nifi-expression-language-1.9.2.jar:/Users/santeri/.m2/repository/org/antlr/antlr-runtime/3.5.2/antlr-runtime-3.5.2.jar:/Users/santeri/.m2/repository/com/jayway/jsonpath/json-path/2.4.0/json-path-2.4.0.jar:/Users/santeri/.m2/repository/net/minidev/json-smart/2.3/json-smart-2.3.jar:/Users/santeri/.m2/repository/net/minidev/accessors-smart/1.2/accessors-smart-1.2.jar:/Users/santeri/.m2/repository/org/apache/commons/commons-text/1.4/commons-text-1.4.jar:/Users/santeri/.m2/repository/org/apache/nifi/nifi-data-provenance-utils/1.9.2/nifi-data-provenance-utils-1.9.2.jar:/Users/santeri/.m2/repository/org/apache/nifi/nifi-security-utils/1.9.2/nifi-security-utils-1.9.2.jar:/Users/santeri/.m2/repository/org/bouncycastle/bcpkix-jdk15on/1.60/bcpkix-jdk15on-1.60.jar:/Users/santeri/.m2/repository/de/svenkubiak/jBCrypt/0.4.1/jBCrypt-0.4.1.jar:/Users/santeri/.m2/repository/org/bouncycastle/bcprov-jdk15on/1.60/bcprov-jdk15on-1.60.jar:/Users/santeri/.m2/repository/org/apache/nifi/nifi-properties-loader/1.9.2/nifi-properties-loader-1.9.2.jar:/Users/santeri/.m2/repository/org/apache/nifi/nifi-properties/1.9.2/nifi-properties-1.9.2.jar:/Users/santeri/.m2/repository/org/slf4j/slf4j-simple/1.7.25/slf4j-simple-1.7.25.jar:/Users/santeri/.m2/repository/org/slf4j/slf4j-api/1.7.25/slf4j-api-1.7.25.jar:/Users/santeri/.m2/repository/junit/junit/4.12/junit-4.12.jar:/Users/santeri/.m2/repository/org/hamcrest/hamcrest-core/1.3/hamcrest-core-1.3.jar:/Users/santeri/.m2/repository/org/mockito/mockito-core/1.10.19/mockito-core-1.10.19.jar:/Users/santeri/.m2/repository/org/codehaus/groovy/groovy-all/2.4.13/groovy-all-2.4.13.jar:"/>
    <property name="sun.cpu.endian" value="little"/>
    <property name="user.home" value="/Users/santeri"/>
    <property name="user.language" value="en"/>
    <property name="java.specification.vendor" value="Oracle Corporation"/>
    <property name="java.home" value="/Library/Java/JavaVirtualMachines/jdk1.8.0_201.jdk/Contents/Home/jre"/>
    <property name="basedir" value="/Users/santeri/streamr-nifi/StreamrNifi/nifi-StreamrNifi-processors"/>
    <property name="file.separator" value="/"/>
    <property name="line.separator" value="&#10;"/>
    <property name="java.vm.specification.vendor" value="Oracle Corporation"/>
    <property name="java.specification.name" value="Java Platform API Specification"/>
    <property name="java.awt.graphicsenv" value="sun.awt.CGraphicsEnvironment"/>
    <property name="java.awt.headless" value="true"/>
    <property name="surefire.real.class.path" value="/Users/santeri/streamr-nifi/StreamrNifi/nifi-StreamrNifi-processors/target/surefire/surefirebooter1997590651803885082.jar"/>
    <property name="sun.boot.class.path" value="/Library/Java/JavaVirtualMachines/jdk1.8.0_201.jdk/Contents/Home/jre/lib/resources.jar:/Library/Java/JavaVirtualMachines/jdk1.8.0_201.jdk/Contents/Home/jre/lib/rt.jar:/Library/Java/JavaVirtualMachines/jdk1.8.0_201.jdk/Contents/Home/jre/lib/sunrsasign.jar:/Library/Java/JavaVirtualMachines/jdk1.8.0_201.jdk/Contents/Home/jre/lib/jsse.jar:/Library/Java/JavaVirtualMachines/jdk1.8.0_201.jdk/Contents/Home/jre/lib/jce.jar:/Library/Java/JavaVirtualMachines/jdk1.8.0_201.jdk/Contents/Home/jre/lib/charsets.jar:/Library/Java/JavaVirtualMachines/jdk1.8.0_201.jdk/Contents/Home/jre/lib/jfr.jar:/Library/Java/JavaVirtualMachines/jdk1.8.0_201.jdk/Contents/Home/jre/classes"/>
    <property name="sun.management.compiler" value="HotSpot 64-Bit Tiered Compilers"/>
    <property name="java.runtime.version" value="1.8.0_201-b09"/>
    <property name="java.net.preferIPv4Stack" value="true"/>
    <property name="user.name" value="santeri"/>
    <property name="path.separator" value=":"/>
    <property name="os.version" value="10.14.4"/>
    <property name="java.endorsed.dirs" value="/Library/Java/JavaVirtualMachines/jdk1.8.0_201.jdk/Contents/Home/jre/lib/endorsed"/>
    <property name="java.runtime.name" value="Java(TM) SE Runtime Environment"/>
    <property name="file.encoding" value="UTF-8"/>
    <property name="java.vm.name" value="Java HotSpot(TM) 64-Bit Server VM"/>
    <property name="localRepository" value="/Users/santeri/.m2/repository"/>
    <property name="java.vendor.url.bug" value="http://bugreport.sun.com/bugreport/"/>
    <property name="java.io.tmpdir" value="/var/folders/1q/9_np06wx0c1b9zv4nstptclw0000gn/T/"/>
    <property name="java.version" value="1.8.0_201"/>
    <property name="user.dir" value="/Users/santeri/streamr-nifi/StreamrNifi/nifi-StreamrNifi-processors"/>
    <property name="os.arch" value="x86_64"/>
    <property name="java.vm.specification.name" value="Java Virtual Machine Specification"/>
    <property name="java.awt.printerjob" value="sun.lwawt.macosx.CPrinterJob"/>
    <property name="sun.os.patch.level" value="unknown"/>
    <property name="java.library.path" value="/Users/santeri/Library/Java/Extensions:/Library/Java/Extensions:/Network/Library/Java/Extensions:/System/Library/Java/Extensions:/usr/lib/java:."/>
    <property name="java.vm.info" value="mixed mode"/>
    <property name="java.vendor" value="Oracle Corporation"/>
    <property name="java.vm.version" value="25.201-b09"/>
    <property name="java.ext.dirs" value="/Users/santeri/Library/Java/Extensions:/Library/Java/JavaVirtualMachines/jdk1.8.0_201.jdk/Contents/Home/jre/lib/ext:/Library/Java/Extensions:/Network/Library/Java/Extensions:/System/Library/Java/Extensions:/usr/lib/java"/>
    <property name="sun.io.unicode.encoding" value="UnicodeBig"/>
    <property name="java.class.version" value="52.0"/>
  </properties>
  <testcase name="testProcessor" classname="Streamrlabs.processors.StreamrNifi.StreamrSubscribeTest" time="0.58"/>
</testsuite>